<testsuite failures="0" name="src/test/java/featurefiles/Callingfeature.feature" skipped="0" tests="1" time="1.350962">
  <testcase classname="src.test.java.featurefiles.Callingfeature" name="CallingFeature Test Case" time="1.350962">
    <system-out>* def result = call read("Calledfeature.feature") ......................... passed
* print result ............................................................ passed
* assert result.response.string._ == "98.6" ............................... passed</system-out>
  </testcase>
</testsuite>
