<testsuite failures="0" name="src/test/java/featurefiles/karateMyTest.feature" skipped="0" tests="1" time="1.158665">
  <testcase classname="src.test.java.featurefiles.karateMyTest" name="soap API trial" time="1.158665">
    <system-out>Given url "http://www.dneonline.com/calculator.asmx" ...................... passed
And header Content-Type = "text/xml; charset=utf-8" ....................... passed
And request ............................................................... passed
When soap action "http://tempuri.org/Add" ................................. passed
Then status 200 ........................................................... passed
* print responseHeaders["Server"] ......................................... passed
* print responseHeaders["Server"][0] == "Microsoft-IIS/8.0" ............... passed
* match responseHeaders["Server"] contains "Microsoft-IIS/8.0" ............ passed
* print responseHeaders ................................................... passed
* print responseType ...................................................... passed
* print responseTime ...................................................... passed
* print response .......................................................... passed</system-out>
  </testcase>
</testsuite>
