<testsuite failures="0" name="src/test/java/featurefiles/karate06.feature" skipped="0" tests="1" time="0.014072">
  <testcase classname="src.test.java.featurefiles.karate06" name="Karate logical operator Validation" time="0.014072">
    <system-out>* def a = 10 .............................................................. passed
* def b = 20 .............................................................. passed
* assert a == 10 &amp;&amp; b == 20 ............................................... passed
* print "after assert" .................................................... passed</system-out>
  </testcase>
</testsuite>
