<testsuite failures="0" name="src/test/java/featurefiles/Karate_10.feature" skipped="0" tests="1" time="1.984843">
  <testcase classname="src.test.java.featurefiles.Karate_10" name="REST API TestCase 2" time="1.984843">
    <system-out>Given url "https://dummy.restapiexample.com" .............................. passed
And path "/api/v1/employees" .............................................. passed
When method get ........................................................... passed
Then status 200 ........................................................... passed
* match responseType == "json" ............................................ passed
* match response.status == "success" ...................................... passed
* match response.data[0].employee_name =="Tiger Nixon" .................... passed
* match response.status == "#string" ...................................... passed</system-out>
  </testcase>
</testsuite>
