<testsuite failures="0" name="src/test/java/featurefiles/karate01.feature" skipped="0" tests="2" time="0.048982">
  <testcase classname="src.test.java.featurefiles.karate01" name="Karate Test Case 2" time="0.046525">
    <system-out>Given def a = 10 .......................................................... passed
* def b = 20 .............................................................. passed
When def c = a + b ........................................................ passed
Then assert c == 30 ....................................................... passed
* print "c = ",c .......................................................... passed
* karate.log("end of the test") ........................................... passed</system-out>
  </testcase>
  <testcase classname="src.test.java.featurefiles.karate01" name="Karate Test Case 2" time="0.002457">
    <system-out>Given def a = 10 .......................................................... passed
* def b = 20 .............................................................. passed
When def c = a + b ........................................................ passed
Then assert c == 30 ....................................................... passed
* print "c = ",c .......................................................... passed
* karate.log("end of the test") ........................................... passed
* def a = 10 .............................................................. passed
* def b = 20 .............................................................. passed
* def c = a + b ........................................................... passed
* assert c == 30 .......................................................... passed
* print "c = ",c .......................................................... passed
* karate.log("end of the test") ........................................... passed</system-out>
  </testcase>
</testsuite>
