<testsuite failures="0" name="featurefiles/karate21.feature" skipped="0" tests="1" time="0.021569">
  <testcase classname="featurefiles.karate21" name="Producing Topic" time="0.021569">
    <system-out>Given url "http://192.168.1.62:8082" ...................................... passed
Given path "/topics/shubh" ................................................ passed
And request ............................................................... passed
And header Content-Type = "application/vnd.kafka.json.v2+json" ............ passed
And header Accept = "application/vnd.kafka.v2+json" ....................... passed
When method post .......................................................... passed
Then status 200 ........................................................... passed
* print response .......................................................... passed
* match response.offsets[1].partition == 0 ................................ passed</system-out>
  </testcase>
</testsuite>
