<testsuite failures="1" name="featurefiles/karate03.feature" skipped="0" tests="7" time="0.069516">
  <testcase classname="featurefiles.karate03" name="JSON Test Case 1" time="0.000995">
    <system-out>Given def json = { "id" : "101", "tool": { "name":"Karate", "version":"0.9.6"}} . passed
* print json .............................................................. passed
* print json.id ........................................................... passed
* print json.tool.name .................................................... passed</system-out>
  </testcase>
  <testcase classname="featurefiles.karate03" name="XML Test Case 2" time="0.031851">
    <system-out>Given def json = { "id" : "101", "tool": { "name":"Karate", "version":"0.9.6"}} . passed
* print json .............................................................. passed
* print json.id ........................................................... passed
* print json.tool.name .................................................... passed
Given def xml = &lt;info&gt;&lt;id&gt;101&lt;/id&gt;&lt;tool&gt;&lt;name&gt;Karate&lt;/name&gt;&lt;version&gt;0.9.6&lt;/version&gt;&lt;/tool&gt;&lt;/info&gt; . passed
* print xml ............................................................... passed
* print xml/info/id ....................................................... passed
* print xml.info.id ....................................................... passed
* print xml.info.tool.name ................................................ passed</system-out>
  </testcase>
  <testcase classname="featurefiles.karate03" name="XML Test Case 3" time="0.014564">
    <system-out>Given def json = { "id" : "101", "tool": { "name":"Karate", "version":"0.9.6"}} . passed
* print json .............................................................. passed
* print json.id ........................................................... passed
* print json.tool.name .................................................... passed
Given def xml = &lt;info&gt;&lt;id&gt;101&lt;/id&gt;&lt;tool&gt;&lt;name&gt;Karate&lt;/name&gt;&lt;version&gt;0.9.6&lt;/version&gt;&lt;/tool&gt;&lt;/info&gt; . passed
* print xml ............................................................... passed
* print xml/info/id ....................................................... passed
* print xml.info.id ....................................................... passed
* print xml.info.tool.name ................................................ passed
Given def xml = ........................................................... passed
* print xml ............................................................... passed
* print xml/info/id ....................................................... passed
* print xml.info.id ....................................................... passed
* print xml.info.tool.name ................................................ passed</system-out>
  </testcase>
  <testcase classname="featurefiles.karate03" name="XML Test Case 4" time="0.008901">
    <system-out>Given def json = { "id" : "101", "tool": { "name":"Karate", "version":"0.9.6"}} . passed
* print json .............................................................. passed
* print json.id ........................................................... passed
* print json.tool.name .................................................... passed
Given def xml = &lt;info&gt;&lt;id&gt;101&lt;/id&gt;&lt;tool&gt;&lt;name&gt;Karate&lt;/name&gt;&lt;version&gt;0.9.6&lt;/version&gt;&lt;/tool&gt;&lt;/info&gt; . passed
* print xml ............................................................... passed
* print xml/info/id ....................................................... passed
* print xml.info.id ....................................................... passed
* print xml.info.tool.name ................................................ passed
Given def xml = ........................................................... passed
* print xml ............................................................... passed
* print xml/info/id ....................................................... passed
* print xml.info.id ....................................................... passed
* print xml.info.tool.name ................................................ passed
Given def xml = &lt;info&gt;&lt;id&gt;101&lt;/id&gt;&lt;tool&gt;&lt;name&gt;Karate&lt;/name&gt;&lt;version&gt;0.9.6&lt;/version&gt;&lt;/tool&gt;&lt;/info&gt; . passed
* match xml/info/id == "101" .............................................. passed
* match xml.info.tool.name == "Karate" .................................... passed</system-out>
  </testcase>
  <testcase classname="featurefiles.karate03" name="XML Test Case 4" time="0.003371">
    <system-out>Given def json = { "id" : "101", "tool": { "name":"Karate", "version":"0.9.6"}} . passed
* print json .............................................................. passed
* print json.id ........................................................... passed
* print json.tool.name .................................................... passed
Given def xml = &lt;info&gt;&lt;id&gt;101&lt;/id&gt;&lt;tool&gt;&lt;name&gt;Karate&lt;/name&gt;&lt;version&gt;0.9.6&lt;/version&gt;&lt;/tool&gt;&lt;/info&gt; . passed
* print xml ............................................................... passed
* print xml/info/id ....................................................... passed
* print xml.info.id ....................................................... passed
* print xml.info.tool.name ................................................ passed
Given def xml = ........................................................... passed
* print xml ............................................................... passed
* print xml/info/id ....................................................... passed
* print xml.info.id ....................................................... passed
* print xml.info.tool.name ................................................ passed
Given def xml = &lt;info&gt;&lt;id&gt;101&lt;/id&gt;&lt;tool&gt;&lt;name&gt;Karate&lt;/name&gt;&lt;version&gt;0.9.6&lt;/version&gt;&lt;/tool&gt;&lt;/info&gt; . passed
* match xml/info/id == "101" .............................................. passed
* match xml.info.tool.name == "Karate" .................................... passed
Given def xml = &lt;info&gt;&lt;id&gt;101&lt;/id&gt;&lt;tool&gt;&lt;name&gt;Karate&lt;/name&gt;&lt;version&gt;0.9.6&lt;/version&gt;&lt;/tool&gt;&lt;/info&gt; . passed
* match xml contains "Karate" ............................................. passed</system-out>
  </testcase>
  <testcase classname="featurefiles.karate03" name="XML Test Case 5" time="0.005735">
    <system-out>Given def json = { "id" : "101", "tool": { "name":"Karate", "version":"0.9.6"}} . passed
* print json .............................................................. passed
* print json.id ........................................................... passed
* print json.tool.name .................................................... passed
Given def xml = &lt;info&gt;&lt;id&gt;101&lt;/id&gt;&lt;tool&gt;&lt;name&gt;Karate&lt;/name&gt;&lt;version&gt;0.9.6&lt;/version&gt;&lt;/tool&gt;&lt;/info&gt; . passed
* print xml ............................................................... passed
* print xml/info/id ....................................................... passed
* print xml.info.id ....................................................... passed
* print xml.info.tool.name ................................................ passed
Given def xml = ........................................................... passed
* print xml ............................................................... passed
* print xml/info/id ....................................................... passed
* print xml.info.id ....................................................... passed
* print xml.info.tool.name ................................................ passed
Given def xml = &lt;info&gt;&lt;id&gt;101&lt;/id&gt;&lt;tool&gt;&lt;name&gt;Karate&lt;/name&gt;&lt;version&gt;0.9.6&lt;/version&gt;&lt;/tool&gt;&lt;/info&gt; . passed
* match xml/info/id == "101" .............................................. passed
* match xml.info.tool.name == "Karate" .................................... passed
Given def xml = &lt;info&gt;&lt;id&gt;101&lt;/id&gt;&lt;tool&gt;&lt;name&gt;Karate&lt;/name&gt;&lt;version&gt;0.9.6&lt;/version&gt;&lt;/tool&gt;&lt;/info&gt; . passed
* match xml contains "Karate" ............................................. passed
Given def xml = &lt;info&gt;&lt;id&gt;101&lt;/id&gt;&lt;tool&gt;&lt;name&gt;Karate&lt;/name&gt;&lt;version&gt;0.9.6&lt;/version&gt;&lt;/tool&gt;&lt;/info&gt; . passed
* match xml contains "&lt;version&gt;0.9.6&lt;/version&gt;" ........................... passed</system-out>
  </testcase>
  <testcase classname="featurefiles.karate03" name="XML Test Case 6" time="0.004099">
    <failure message="karate03.feature:63 - evaluation (js) failed: eval(xml.info.tool[1].name, javax.script.ScriptException: &lt;eval&gt;:1:26 Expected , but found eof&#13;&#10;eval(xml.info.tool[1].name&#13;&#10;                          ^ in &lt;eval&gt; at line number 1 at column number 26&#10;stack trace: jdk.nashorn.api.scripting.NashornScriptEngine.throwAsScriptException(NashornScriptEngine.java:470)">Given def json = { "id" : "101", "tool": { "name":"Karate", "version":"0.9.6"}} . passed
* print json .............................................................. passed
* print json.id ........................................................... passed
* print json.tool.name .................................................... passed
Given def xml = &lt;info&gt;&lt;id&gt;101&lt;/id&gt;&lt;tool&gt;&lt;name&gt;Karate&lt;/name&gt;&lt;version&gt;0.9.6&lt;/version&gt;&lt;/tool&gt;&lt;/info&gt; . passed
* print xml ............................................................... passed
* print xml/info/id ....................................................... passed
* print xml.info.id ....................................................... passed
* print xml.info.tool.name ................................................ passed
Given def xml = ........................................................... passed
* print xml ............................................................... passed
* print xml/info/id ....................................................... passed
* print xml.info.id ....................................................... passed
* print xml.info.tool.name ................................................ passed
Given def xml = &lt;info&gt;&lt;id&gt;101&lt;/id&gt;&lt;tool&gt;&lt;name&gt;Karate&lt;/name&gt;&lt;version&gt;0.9.6&lt;/version&gt;&lt;/tool&gt;&lt;/info&gt; . passed
* match xml/info/id == "101" .............................................. passed
* match xml.info.tool.name == "Karate" .................................... passed
Given def xml = &lt;info&gt;&lt;id&gt;101&lt;/id&gt;&lt;tool&gt;&lt;name&gt;Karate&lt;/name&gt;&lt;version&gt;0.9.6&lt;/version&gt;&lt;/tool&gt;&lt;/info&gt; . passed
* match xml contains "Karate" ............................................. passed
Given def xml = &lt;info&gt;&lt;id&gt;101&lt;/id&gt;&lt;tool&gt;&lt;name&gt;Karate&lt;/name&gt;&lt;version&gt;0.9.6&lt;/version&gt;&lt;/tool&gt;&lt;/info&gt; . passed
* match xml contains "&lt;version&gt;0.9.6&lt;/version&gt;" ........................... passed
Given def xml = ........................................................... passed
* match eval(xml.info.tool[1].name == "Karate") &amp;&amp; eval(match xml.info.tool[2].name == "Karate") . failed

Stack Trace:
com.intuit.karate.exception.KarateException: karate03.feature:63 - evaluation (js) failed: eval(xml.info.tool[1].name, javax.script.ScriptException: &lt;eval&gt;:1:26 Expected , but found eof&#13;
eval(xml.info.tool[1].name&#13;
                          ^ in &lt;eval&gt; at line number 1 at column number 26
stack trace: jdk.nashorn.api.scripting.NashornScriptEngine.throwAsScriptException(NashornScriptEngine.java:470)&#13;
	at ✽.* match eval(xml.info.tool[1].name == "Karate") &amp;&amp; eval(match xml.info.tool[2].name == "Karate") (karate03.feature:63)</failure>
  </testcase>
</testsuite>
