<testsuite failures="0" name="featurefiles/Karate23.feature" skipped="0" tests="1" time="0.176687">
  <testcase classname="featurefiles.Karate23" name="Karate Config TestCase" time="0.176687">
    <system-out>Given url baseUrl ......................................................... passed
And path listUsers ........................................................ passed
When method get ........................................................... passed
Then status 200 ........................................................... passed
* print response .......................................................... passed</system-out>
  </testcase>
</testsuite>
