<testsuite failures="0" name="featurefiles/karate01.feature" skipped="0" tests="3" time="0.043921">
  <testcase classname="featurefiles.karate01" name="Karate Test Case 1" time="0.018427">
    <system-out>Given def a = 10 .......................................................... passed
And def b = 20 ............................................................ passed
When def c = a + b ........................................................ passed
Then assert c == 30 ....................................................... passed
And print "c = ",c ........................................................ passed
And karate.log("end of the test") ......................................... passed</system-out>
  </testcase>
  <testcase classname="featurefiles.karate01" name="Karate Test Case 2" time="0.019624">
    <system-out>Given def a = 10 .......................................................... passed
And def b = 20 ............................................................ passed
When def c = a + b ........................................................ passed
Then assert c == 30 ....................................................... passed
And print "c = ",c ........................................................ passed
And karate.log("end of the test") ......................................... passed
Given def a = 10 .......................................................... passed
* def b = 20 .............................................................. passed
When def c = a + b ........................................................ passed
Then assert c == 30 ....................................................... passed
* print "c = ",c .......................................................... passed
* karate.log("end of the test") ........................................... passed</system-out>
  </testcase>
  <testcase classname="featurefiles.karate01" name="Karate Test Case 3" time="0.00587">
    <system-out>Given def a = 10 .......................................................... passed
And def b = 20 ............................................................ passed
When def c = a + b ........................................................ passed
Then assert c == 30 ....................................................... passed
And print "c = ",c ........................................................ passed
And karate.log("end of the test") ......................................... passed
Given def a = 10 .......................................................... passed
* def b = 20 .............................................................. passed
When def c = a + b ........................................................ passed
Then assert c == 30 ....................................................... passed
* print "c = ",c .......................................................... passed
* karate.log("end of the test") ........................................... passed
* def a = 10 .............................................................. passed
* def b = 20 .............................................................. passed
* def c = a + b ........................................................... passed
* assert c == 30 .......................................................... passed
* print "c = ",c .......................................................... passed
* karate.log("end of the test") ........................................... passed</system-out>
  </testcase>
</testsuite>
