<testsuite failures="0" name="featurefiles/Karate24Hooks.feature" skipped="0" tests="1" time="0.005819">
  <testcase classname="featurefiles.Karate24Hooks" name="Karate hooks test case 1 TestCase" time="0.005819">
    <system-out>* print "from background block" ........................................... passed
* configure afterScenario = ............................................... passed
* configure afterFeature = ................................................ passed
* print "from scenario block" ............................................. passed</system-out>
  </testcase>
</testsuite>
