<testsuite failures="0" name="featurefiles/Karate_14.feature" skipped="0" tests="2" time="0.010861">
  <testcase classname="featurefiles.Karate_14" name="Non static variable TC" time="0.007429">
    <system-out>* def env1 = .............................................................. passed
* print env1() ............................................................ passed
* def res = call env1 ..................................................... passed
* print res ............................................................... passed</system-out>
  </testcase>
  <testcase classname="featurefiles.Karate_14" name="Static variable TC" time="0.003432">
    <system-out>* def env1 = .............................................................. passed
* print env1() ............................................................ passed
* def res = call env1 ..................................................... passed
* print res ............................................................... passed
* def env1 = .............................................................. passed
* print env1() ............................................................ passed
* def res = call env1 ..................................................... passed
* print res ............................................................... passed</system-out>
  </testcase>
</testsuite>
